2024-05-08 17:08:58,234 INFO o.a.j.u.JMeterUtils: Setting Locale to en_EN
2024-05-08 17:08:58,257 INFO o.a.j.JMeter: Loading user properties from: /home/ppss/apache-jmeter-5.6.2/bin/user.properties
2024-05-08 17:08:58,257 INFO o.a.j.JMeter: Loading system properties from: /home/ppss/apache-jmeter-5.6.2/bin/system.properties
2024-05-08 17:08:58,273 INFO o.a.j.JMeter: Copyright (c) 1998-2023 The Apache Software Foundation
2024-05-08 17:08:58,273 INFO o.a.j.JMeter: Version 5.6.2
2024-05-08 17:08:58,274 INFO o.a.j.JMeter: java.version=17.0.10
2024-05-08 17:08:58,274 INFO o.a.j.JMeter: java.vm.name=OpenJDK 64-Bit Server VM
2024-05-08 17:08:58,274 INFO o.a.j.JMeter: os.name=Linux
2024-05-08 17:08:58,274 INFO o.a.j.JMeter: os.arch=amd64
2024-05-08 17:08:58,274 INFO o.a.j.JMeter: os.version=6.5.0-28-generic
2024-05-08 17:08:58,274 INFO o.a.j.JMeter: file.encoding=UTF-8
2024-05-08 17:08:58,274 INFO o.a.j.JMeter: java.awt.headless=true
2024-05-08 17:08:58,274 INFO o.a.j.JMeter: Max memory     =1073741824
2024-05-08 17:08:58,274 INFO o.a.j.JMeter: Available Processors =4
2024-05-08 17:08:58,282 INFO o.a.j.JMeter: Default Locale=English (EN)
2024-05-08 17:08:58,283 INFO o.a.j.JMeter: JMeter  Locale=English (EN)
2024-05-08 17:08:58,283 INFO o.a.j.JMeter: JMeterHome=/home/ppss/apache-jmeter-5.6.2
2024-05-08 17:08:58,283 INFO o.a.j.JMeter: user.dir  =/home/ppss/Practicas/ppss-2024-G10-llinares-mauri/P09-JMeter
2024-05-08 17:08:58,283 INFO o.a.j.JMeter: PWD       =/home/ppss/Practicas/ppss-2024-G10-llinares-mauri/P09-JMeter
2024-05-08 17:08:58,283 INFO o.a.j.JMeter: IP: 127.0.1.1 Name: ppss-VB FullName: ppss-VB
2024-05-08 17:08:58,294 INFO o.a.j.JMeter: Setting property 'jmeter.reportgenerator.outputdir' to:'/home/ppss/Practicas/ppss-2024-G10-llinares-mauri/P09-JMeter/reports'
2024-05-08 17:08:58,298 INFO o.a.j.r.d.ReportGenerator: ReportGenerator will use for Parsing the separator: ','
2024-05-08 17:08:58,298 INFO o.a.j.r.d.ReportGenerator: Will only generate report from results file: data.csv
2024-05-08 17:08:58,298 INFO o.a.j.r.d.ReportGenerator: Reading report generator properties from: /home/ppss/apache-jmeter-5.6.2/bin/reportgenerator.properties
2024-05-08 17:08:58,299 INFO o.a.j.r.d.ReportGenerator: Merging with JMeter properties
2024-05-08 17:08:58,304 INFO o.a.j.r.c.ReportGeneratorConfiguration: Property 'jmeter.reportgenerator.temp_dir' not found, using default value 'temp' instead.
2024-05-08 17:08:58,307 INFO o.a.j.r.c.ReportGeneratorConfiguration: Property 'jmeter.reportgenerator.apdex_per_transaction' not found, using default value 'null' instead.
2024-05-08 17:08:58,313 INFO o.a.j.r.c.ReportGeneratorConfiguration: apdex_per_transaction is empty, not APDEX per transaction customization
2024-05-08 17:08:58,313 INFO o.a.j.r.c.ReportGeneratorConfiguration: Property 'jmeter.reportgenerator.sample_filter' not found, using default value 'null' instead.
2024-05-08 17:08:58,313 INFO o.a.j.r.c.ReportGeneratorConfiguration: Property 'jmeter.reportgenerator.report_title' not found, using default value 'null' instead.
2024-05-08 17:08:58,314 INFO o.a.j.r.c.ReportGeneratorConfiguration: Property 'jmeter.reportgenerator.start_date' not found, using default value 'null' instead.
2024-05-08 17:08:58,314 INFO o.a.j.r.c.ReportGeneratorConfiguration: Property 'jmeter.reportgenerator.end_date' not found, using default value 'null' instead.
2024-05-08 17:08:58,314 INFO o.a.j.r.c.ReportGeneratorConfiguration: Property 'jmeter.reportgenerator.date_format' not found, using default value 'null' instead.
2024-05-08 17:08:58,320 INFO o.a.j.r.c.ReportGeneratorConfiguration: Will use date range start date: null, end date: null
2024-05-08 17:08:58,324 INFO o.a.j.r.c.ReportGeneratorConfiguration: Property 'jmeter.reportgenerator.graph.totalTPS.exclude_controllers' not found, using default value 'false' instead.
2024-05-08 17:08:58,324 INFO o.a.j.r.c.ReportGeneratorConfiguration: Property 'jmeter.reportgenerator.graph.activeThreadsOverTime.exclude_controllers' not found, using default value 'false' instead.
2024-05-08 17:08:58,324 INFO o.a.j.r.c.ReportGeneratorConfiguration: Property 'jmeter.reportgenerator.graph.timeVsThreads.exclude_controllers' not found, using default value 'false' instead.
2024-05-08 17:08:58,324 INFO o.a.j.r.c.ReportGeneratorConfiguration: Property 'jmeter.reportgenerator.graph.responseTimeDistribution.exclude_controllers' not found, using default value 'false' instead.
2024-05-08 17:08:58,324 INFO o.a.j.r.c.ReportGeneratorConfiguration: Property 'jmeter.reportgenerator.graph.transactionsPerSecond.exclude_controllers' not found, using default value 'false' instead.
2024-05-08 17:08:58,325 INFO o.a.j.r.c.ReportGeneratorConfiguration: Property 'jmeter.reportgenerator.graph.responseTimePercentiles.exclude_controllers' not found, using default value 'false' instead.
2024-05-08 17:08:58,325 INFO o.a.j.r.c.ReportGeneratorConfiguration: Property 'jmeter.reportgenerator.graph.responseTimePercentilesOverTime.exclude_controllers' not found, using default value 'false' instead.
2024-05-08 17:08:58,325 INFO o.a.j.r.c.ReportGeneratorConfiguration: Property 'jmeter.reportgenerator.graph.responseTimesOverTime.exclude_controllers' not found, using default value 'false' instead.
2024-05-08 17:08:58,325 INFO o.a.j.r.c.ReportGeneratorConfiguration: Property 'jmeter.reportgenerator.graph.connectTimeOverTime.exclude_controllers' not found, using default value 'false' instead.
2024-05-08 17:08:58,325 INFO o.a.j.r.c.ReportGeneratorConfiguration: Property 'jmeter.reportgenerator.graph.latenciesOverTime.exclude_controllers' not found, using default value 'false' instead.
2024-05-08 17:08:58,326 INFO o.a.j.r.c.ReportGeneratorConfiguration: Property 'jmeter.reportgenerator.exporter.json.filters_only_sample_series' not found, using default value 'true' instead.
2024-05-08 17:08:58,327 INFO o.a.j.r.c.ReportGeneratorConfiguration: Property 'jmeter.reportgenerator.exporter.json.series_filter' not found, using default value '' instead.
2024-05-08 17:08:58,327 INFO o.a.j.r.c.ReportGeneratorConfiguration: Property 'jmeter.reportgenerator.exporter.json.show_controllers_only' not found, using default value 'false' instead.
2024-05-08 17:08:58,327 INFO o.a.j.r.c.ReportGeneratorConfiguration: Property 'jmeter.reportgenerator.exporter.html.filters_only_sample_series' not found, using default value 'true' instead.
2024-05-08 17:08:58,327 INFO o.a.j.r.c.ReportGeneratorConfiguration: Property 'jmeter.reportgenerator.exporter.html.series_filter' not found, using default value '' instead.
2024-05-08 17:08:58,327 INFO o.a.j.r.c.ReportGeneratorConfiguration: Property 'jmeter.reportgenerator.exporter.html.show_controllers_only' not found, using default value 'false' instead.
2024-05-08 17:08:58,535 INFO o.a.j.s.SaveService: Testplan (JMX) version: 2.2. Testlog (JTL) version: 2.2
2024-05-08 17:08:58,560 INFO o.a.j.s.SaveService: Using SaveService properties version 5.0
2024-05-08 17:08:58,564 INFO o.a.j.s.SaveService: Using SaveService properties file encoding UTF-8
2024-05-08 17:08:58,569 ERROR o.a.j.JMeter: An error occurred: 
org.apache.jmeter.report.core.SampleException: Could not read metadata !
	at org.apache.jmeter.report.core.CsvSampleReader.readMetadata(CsvSampleReader.java:171) ~[ApacheJMeter_core.jar:5.6.2]
	at org.apache.jmeter.report.core.CsvSampleReader.<init>(CsvSampleReader.java:119) ~[ApacheJMeter_core.jar:5.6.2]
	at org.apache.jmeter.report.core.CsvSampleReader.<init>(CsvSampleReader.java:87) ~[ApacheJMeter_core.jar:5.6.2]
	at org.apache.jmeter.report.processor.CsvFileSampleSource.<init>(CsvFileSampleSource.java:111) ~[ApacheJMeter_core.jar:5.6.2]
	at org.apache.jmeter.report.dashboard.ReportGenerator.generate(ReportGenerator.java:210) ~[ApacheJMeter_core.jar:5.6.2]
	at org.apache.jmeter.JMeter.start(JMeter.java:485) [ApacheJMeter_core.jar:5.6.2]
	at jdk.internal.reflect.NativeMethodAccessorImpl.invoke0(Native Method) ~[?:?]
	at jdk.internal.reflect.NativeMethodAccessorImpl.invoke(NativeMethodAccessorImpl.java:77) ~[?:?]
	at jdk.internal.reflect.DelegatingMethodAccessorImpl.invoke(DelegatingMethodAccessorImpl.java:43) ~[?:?]
	at java.lang.reflect.Method.invoke(Method.java:568) ~[?:?]
	at org.apache.jmeter.NewDriver.main(NewDriver.java:259) [ApacheJMeter.jar:5.6.2]
Caused by: java.lang.IllegalArgumentException: File is empty
	at org.apache.jmeter.report.core.CsvSampleReader.readMetadata(CsvSampleReader.java:145) ~[ApacheJMeter_core.jar:5.6.2]
	... 10 more
